[01m[K/home/akhil/turtlebot3_ws/src/gas_bot_cpp/src/gas_sim.cpp:6:10:[m[K [01;31m[Kfatal error: [m[Klogging.hpp: No such file or directory
    6 | #include [01;31m[K<logging.hpp>[m[K
      |          [01;31m[K^~~~~~~~~~~~~[m[K
compilation terminated.
gmake[2]: *** [CMakeFiles/gas_simulator.dir/build.make:76: CMakeFiles/gas_simulator.dir/src/gas_sim.cpp.o] Error 1
gmake[1]: *** [CMakeFiles/Makefile2:139: CMakeFiles/gas_simulator.dir/all] Error 2
gmake[1]: *** Waiting for unfinished jobs....
gmake: *** [Makefile:146: all] Error 2
